::1 - - [04/Sep/2025:08:00:34 +0000] "GET / HTTP/1.1" 304 - "-" "Mozilla/5.0 (Macintosh; Intel Mac OS X 10_15_7) AppleWebKit/537.36 (KHTML, like Gecko) Chrome/139.0.0.0 Safari/537.36"
::1 - - [04/Sep/2025:08:00:36 +0000] "GET /favicon.ico HTTP/1.1" 404 14 "http://localhost:3555/" "Mozilla/5.0 (Macintosh; Intel Mac OS X 10_15_7) AppleWebKit/537.36 (KHTML, like Gecko) Chrome/139.0.0.0 Safari/537.36"
::1 - - [04/Sep/2025:08:05:20 +0000] "POST /crew/hireEmployee HTTP/1.1" 200 253 "-" "PostmanRuntime/7.45.0"
::1 - - [04/Sep/2025:08:07:39 +0000] "POST /crew/hireEmployee HTTP/1.1" 409 23 "-" "PostmanRuntime/7.45.0"
::1 - - [04/Sep/2025:08:07:53 +0000] "POST /crew/hireEmployee HTTP/1.1" 200 236 "-" "PostmanRuntime/7.45.0"
::1 - 1000000 [04/Sep/2025:08:08:36 +0000] "DELETE /c HTTP/1.1" 500 21 "-" "PostmanRuntime/7.45.0"
::1 - 1000000 [04/Sep/2025:08:09:18 +0000] "POST /crew/fireEmployee?id=111111111 HTTP/1.1" 500 21 "-" "PostmanRuntime/7.45.0"
::1 - - [04/Sep/2025:08:09:30 +0000] "POST /crew/fireEmployee?id=111111111 HTTP/1.1" 404 14 "-" "PostmanRuntime/7.45.0"
::1 - - [04/Sep/2025:08:09:57 +0000] "DELETE /crew/fireEmployee?id=111111111 HTTP/1.1" 500 21 "-" "PostmanRuntime/7.45.0"
::1 - - [04/Sep/2025:08:10:00 +0000] "DELETE /crew/fireEmployee?id=111111111 HTTP/1.1" 404 36 "-" "PostmanRuntime/7.45.0"
::1 - - [04/Sep/2025:08:10:15 +0000] "DELETE /crew/fireEmployee?id=111111111 HTTP/1.1" 404 36 "-" "PostmanRuntime/7.45.0"
::1 - - [04/Sep/2025:08:10:26 +0000] "DELETE /crew/fireEmployee?_id=111111111 HTTP/1.1" 400 10 "-" "PostmanRuntime/7.45.0"
::1 - - [04/Sep/2025:08:10:53 +0000] "DELETE /crew/fireEmployee?id=111111112 HTTP/1.1" 500 21 "-" "PostmanRuntime/7.45.0"
::1 - - [04/Sep/2025:08:10:56 +0000] "DELETE /crew/fireEmployee?id=111111112 HTTP/1.1" 404 36 "-" "PostmanRuntime/7.45.0"
::1 - - [04/Sep/2025:08:12:34 +0000] "DELETE /crew/fireEmployee?id=111111112 HTTP/1.1" 404 36 "-" "PostmanRuntime/7.45.0"
::1 - - [04/Sep/2025:08:16:16 +0000] "POST /crew/hireEmployee HTTP/1.1" 200 236 "-" "PostmanRuntime/7.45.0"
::1 - - [04/Sep/2025:08:16:21 +0000] "POST /crew/hireEmployee HTTP/1.1" 409 23 "-" "PostmanRuntime/7.45.0"
::1 - - [04/Sep/2025:08:17:56 +0000] "DELETE /crew/fireEmployee?id=111111112 HTTP/1.1" 500 21 "-" "PostmanRuntime/7.45.0"
::1 - - [04/Sep/2025:08:18:02 +0000] "DELETE /crew/fireEmployee?id=111111112 HTTP/1.1" 500 21 "-" "PostmanRuntime/7.45.0"
::1 - - [04/Sep/2025:08:19:59 +0000] "POST /crew/hireEmployee HTTP/1.1" 200 236 "-" "PostmanRuntime/7.45.0"
::1 - - [04/Sep/2025:08:20:35 +0000] "POST /crew/hireEmployee HTTP/1.1" 409 23 "-" "PostmanRuntime/7.45.0"
::1 - - [04/Sep/2025:08:20:39 +0000] "DELETE /crew/fireEmployee?id=111111112 HTTP/1.1" 409 18 "-" "PostmanRuntime/7.45.0"
::1 - - [04/Sep/2025:08:20:48 +0000] "DELETE /crew/fireEmployee?id=111111112 HTTP/1.1" 409 18 "-" "PostmanRuntime/7.45.0"
::1 - - [04/Sep/2025:08:21:25 +0000] "DELETE /crew/fireEmployee?id=111111112 HTTP/1.1" 500 21 "-" "PostmanRuntime/7.45.0"
::1 - - [04/Sep/2025:08:21:30 +0000] "DELETE /crew/fireEmployee?id=111111112 HTTP/1.1" 500 21 "-" "PostmanRuntime/7.45.0"
::1 - - [04/Sep/2025:08:21:35 +0000] "POST /crew/hireEmployee HTTP/1.1" 409 23 "-" "PostmanRuntime/7.45.0"
::1 - - [04/Sep/2025:08:22:52 +0000] "POST /crew/hireEmployee HTTP/1.1" 409 23 "-" "PostmanRuntime/7.45.0"
::1 - - [04/Sep/2025:08:23:04 +0000] "DELETE /crew/fireEmployee?id=111111112 HTTP/1.1" 500 21 "-" "PostmanRuntime/7.45.0"
::1 - - [04/Sep/2025:08:23:08 +0000] "DELETE /crew/fireEmployee?id=111111112 HTTP/1.1" 500 21 "-" "PostmanRuntime/7.45.0"
::1 - - [04/Sep/2025:08:24:31 +0000] "DELETE /crew/fireEmployee?id=111111112 HTTP/1.1" 200 236 "-" "PostmanRuntime/7.45.0"
::1 - - [04/Sep/2025:08:24:58 +0000] "POST /crew/hireEmployee HTTP/1.1" 409 25 "-" "PostmanRuntime/7.45.0"
::1 - - [04/Sep/2025:08:26:06 +0000] "POST /crew/hireEmployee HTTP/1.1" 200 234 "-" "PostmanRuntime/7.45.0"
::1 - 111111111 [04/Sep/2025:08:26:12 +0000] "GET /crew/employee?id=111111111 HTTP/1.1" 404 36 "-" "PostmanRuntime/7.45.0"
::1 - - [04/Sep/2025:08:26:31 +0000] "GET /crew/employee?id=111111111 HTTP/1.1" 404 36 "-" "PostmanRuntime/7.45.0"
::1 - - [04/Sep/2025:08:26:34 +0000] "GET /crew/employee?id=111111111 HTTP/1.1" 404 36 "-" "PostmanRuntime/7.45.0"
::1 - - [04/Sep/2025:08:26:56 +0000] "POST /crew/hireEmployee HTTP/1.1" 200 234 "-" "PostmanRuntime/7.45.0"
::1 - - [04/Sep/2025:08:27:02 +0000] "GET /crew/employee?id=111111111 HTTP/1.1" 200 234 "-" "PostmanRuntime/7.45.0"
::1 - - [04/Sep/2025:08:28:20 +0000] "GET /crew/employees HTTP/1.1" 200 236 "-" "PostmanRuntime/7.45.0"
::1 - - [04/Sep/2025:08:28:36 +0000] "POST /crew/hireEmployee HTTP/1.1" 409 25 "-" "PostmanRuntime/7.45.0"
::1 - - [04/Sep/2025:08:28:44 +0000] "POST /crew/hireEmployee HTTP/1.1" 200 236 "-" "PostmanRuntime/7.45.0"
::1 - - [04/Sep/2025:08:28:48 +0000] "GET /crew/employees HTTP/1.1" 200 473 "-" "PostmanRuntime/7.45.0"
::1 - - [04/Sep/2025:08:29:28 +0000] "PATCH /accounts/password HTTP/1.1" 404 14 "-" "PostmanRuntime/7.45.0"
::1 - - [04/Sep/2025:08:29:41 +0000] "PATCH /crew/password HTTP/1.1" 400 12 "-" "PostmanRuntime/7.45.0"
::1 - - [04/Sep/2025:08:29:51 +0000] "PATCH /crew/password HTTP/1.1" 400 12 "-" "PostmanRuntime/7.45.0"
::1 - - [04/Sep/2025:08:30:14 +0000] "PATCH /crew/password HTTP/1.1" 400 22 "-" "PostmanRuntime/7.45.0"
::1 - - [04/Sep/2025:08:30:22 +0000] "PATCH /crew/password HTTP/1.1" 400 22 "-" "PostmanRuntime/7.45.0"
::1 - - [04/Sep/2025:08:30:59 +0000] "PATCH /crew/password HTTP/1.1" 400 22 "-" "PostmanRuntime/7.45.0"
::1 - - [04/Sep/2025:08:31:17 +0000] "PATCH /crew/password HTTP/1.1" 400 22 "-" "PostmanRuntime/7.45.0"
::1 - - [04/Sep/2025:08:31:47 +0000] "PATCH /crew/password HTTP/1.1" 400 52 "-" "PostmanRuntime/7.45.0"
::1 - - [04/Sep/2025:08:31:54 +0000] "PATCH /crew/password HTTP/1.1" 200 - "-" "PostmanRuntime/7.45.0"
::1 - - [04/Sep/2025:08:32:00 +0000] "PATCH /crew/password HTTP/1.1" 200 - "-" "PostmanRuntime/7.45.0"
::1 - 123456788 [04/Sep/2025:08:33:32 +0000] "PATCH /crew/updateEmployee HTTP/1.1" 400 26 "-" "PostmanRuntime/7.45.0"
::1 - 123456788 [04/Sep/2025:08:40:34 +0000] "PATCH /crew/updateEmployee HTTP/1.1" 400 12 "-" "PostmanRuntime/7.45.0"
::1 - 123456788 [04/Sep/2025:08:40:50 +0000] "PATCH /crew/updateEmployee HTTP/1.1" 400 12 "-" "PostmanRuntime/7.45.0"
::1 - 123456788 [04/Sep/2025:08:41:09 +0000] "PATCH /crew/updateEmployee HTTP/1.1" 400 12 "-" "PostmanRuntime/7.45.0"
::1 - - [04/Sep/2025:08:41:22 +0000] "PATCH /crew/updateEmployee HTTP/1.1" 400 12 "-" "PostmanRuntime/7.45.0"
::1 - - [04/Sep/2025:08:42:41 +0000] "PATCH /crew/updateEmployee HTTP/1.1" 400 12 "-" "PostmanRuntime/7.45.0"
::1 - - [04/Sep/2025:08:42:43 +0000] "PATCH /crew/updateEmployee HTTP/1.1" 400 12 "-" "PostmanRuntime/7.45.0"
::1 - - [04/Sep/2025:08:44:57 +0000] "PATCH /crew/updateEmployee HTTP/1.1" 400 12 "-" "PostmanRuntime/7.45.0"
::1 - - [04/Sep/2025:08:47:04 +0000] "PATCH /crew/updateEmployee HTTP/1.1" 400 12 "-" "PostmanRuntime/7.45.0"
::1 - - [04/Sep/2025:08:47:09 +0000] "PATCH /crew/updateEmployee HTTP/1.1" 400 12 "-" "PostmanRuntime/7.45.0"
::1 - - [04/Sep/2025:08:48:01 +0000] "PATCH /crew/updateEmployee HTTP/1.1" 400 12 "-" "PostmanRuntime/7.45.0"
::1 - - [04/Sep/2025:08:49:25 +0000] "PATCH /crew/updateEmployee HTTP/1.1" 400 12 "-" "PostmanRuntime/7.45.0"
::1 - - [04/Sep/2025:08:49:47 +0000] "PATCH /crew/updateEmployee HTTP/1.1" 400 12 "-" "PostmanRuntime/7.45.0"
::1 - - [04/Sep/2025:08:49:50 +0000] "PATCH /crew/updateEmployee HTTP/1.1" 400 12 "-" "PostmanRuntime/7.45.0"
::1 - - [04/Sep/2025:08:50:16 +0000] "PATCH /crew/updateEmployee HTTP/1.1" 400 12 "-" "PostmanRuntime/7.45.0"
::1 - - [04/Sep/2025:08:51:13 +0000] "PATCH /crew/updateEmployee HTTP/1.1" 400 12 "-" "PostmanRuntime/7.45.0"
::1 - - [04/Sep/2025:08:51:15 +0000] "PATCH /crew/updateEmployee HTTP/1.1" 400 12 "-" "PostmanRuntime/7.45.0"
::1 - - [04/Sep/2025:08:52:11 +0000] "PATCH /crew/updateEmployee HTTP/1.1" 400 12 "-" "PostmanRuntime/7.45.0"
::1 - - [04/Sep/2025:08:52:14 +0000] "PATCH /crew/updateEmployee HTTP/1.1" 400 12 "-" "PostmanRuntime/7.45.0"
::1 - - [04/Sep/2025:08:52:26 +0000] "PATCH /crew/updateEmployee HTTP/1.1" 400 22 "-" "PostmanRuntime/7.45.0"
::1 - - [04/Sep/2025:08:53:32 +0000] "PATCH /crew/updateEmployee HTTP/1.1" 400 20 "-" "PostmanRuntime/7.45.0"
::1 - - [04/Sep/2025:08:54:18 +0000] "PATCH /crew/updateEmployee HTTP/1.1" 400 20 "-" "PostmanRuntime/7.45.0"
::1 - - [04/Sep/2025:08:55:47 +0000] "PATCH /crew/updateEmployee HTTP/1.1" 200 236 "-" "PostmanRuntime/7.45.0"
::1 - - [04/Sep/2025:08:56:06 +0000] "GET /crew/employee?id=111111113 HTTP/1.1" 200 236 "-" "PostmanRuntime/7.45.0"
::1 - - [04/Sep/2025:08:58:01 +0000] "PATCH /crew/updateEmployee HTTP/1.1" 200 236 "-" "PostmanRuntime/7.45.0"
::1 - 1000000 [04/Sep/2025:08:59:42 +0000] "PATCH /crew/setRole HTTP/1.1" 500 21 "-" "PostmanRuntime/7.45.0"
::1 - 1000000 [04/Sep/2025:08:59:46 +0000] "PATCH /crew/setRole HTTP/1.1" 500 21 "-" "PostmanRuntime/7.45.0"
::1 - 1000000 [04/Sep/2025:09:00:21 +0000] "PATCH /crew/setRole HTTP/1.1" 500 21 "-" "PostmanRuntime/7.45.0"
::1 - 1000000 [04/Sep/2025:09:00:24 +0000] "PATCH /crew/setRole HTTP/1.1" 500 21 "-" "PostmanRuntime/7.45.0"
::1 - 1000000 [04/Sep/2025:09:02:01 +0000] "PATCH /crew/setRole HTTP/1.1" 500 21 "-" "PostmanRuntime/7.45.0"
::1 - - [04/Sep/2025:09:02:11 +0000] "PATCH /crew/setRole HTTP/1.1" 500 21 "-" "PostmanRuntime/7.45.0"
::1 - - [04/Sep/2025:09:02:13 +0000] "PATCH /crew/setRole HTTP/1.1" 500 21 "-" "PostmanRuntime/7.45.0"
::1 - - [04/Sep/2025:09:04:29 +0000] "PATCH /crew/setRole HTTP/1.1" 500 21 "-" "PostmanRuntime/7.45.0"
::1 - - [04/Sep/2025:09:04:44 +0000] "POST /crew/hireEmployee HTTP/1.1" 200 236 "-" "PostmanRuntime/7.45.0"
::1 - - [04/Sep/2025:09:05:27 +0000] "PATCH /crew/setRole HTTP/1.1" 500 21 "-" "PostmanRuntime/7.45.0"
::1 - - [04/Sep/2025:09:05:30 +0000] "PATCH /crew/setRole HTTP/1.1" 500 21 "-" "PostmanRuntime/7.45.0"
::1 - - [04/Sep/2025:09:09:15 +0000] "PATCH /crew/setRole HTTP/1.1" 400 26 "-" "PostmanRuntime/7.45.0"
::1 - - [04/Sep/2025:09:09:36 +0000] "PATCH /crew/setRole HTTP/1.1" 500 21 "-" "PostmanRuntime/7.45.0"
::1 - - [04/Sep/2025:09:09:47 +0000] "PATCH /crew/setRole HTTP/1.1" 500 21 "-" "PostmanRuntime/7.45.0"
::1 - - [04/Sep/2025:09:09:53 +0000] "PATCH /crew/setRole HTTP/1.1" 400 26 "-" "PostmanRuntime/7.45.0"
::1 - - [04/Sep/2025:09:19:08 +0000] "PATCH /crew/setRole HTTP/1.1" 500 21 "-" "PostmanRuntime/7.45.0"
::1 - - [04/Sep/2025:09:19:17 +0000] "PATCH /crew/setRole HTTP/1.1" 500 21 "-" "PostmanRuntime/7.45.0"
::1 - - [04/Sep/2025:09:19:26 +0000] "PATCH /crew/setRole HTTP/1.1" 500 21 "-" "PostmanRuntime/7.45.0"
::1 - - [04/Sep/2025:09:22:37 +0000] "PATCH /crew/setRole HTTP/1.1" 500 21 "-" "PostmanRuntime/7.45.0"
::1 - - [04/Sep/2025:09:22:42 +0000] "PATCH /crew/setRole HTTP/1.1" 500 21 "-" "PostmanRuntime/7.45.0"
::1 - - [04/Sep/2025:09:22:46 +0000] "PATCH /crew/setRole HTTP/1.1" 500 21 "-" "PostmanRuntime/7.45.0"
::1 - - [04/Sep/2025:09:22:54 +0000] "PATCH /crew/setRole HTTP/1.1" 400 21 "-" "PostmanRuntime/7.45.0"
::1 - - [04/Sep/2025:09:23:00 +0000] "PATCH /crew/setRole HTTP/1.1" 500 21 "-" "PostmanRuntime/7.45.0"
::1 - - [04/Sep/2025:09:24:03 +0000] "GET /crew/employee?id=111111113 HTTP/1.1" 200 236 "-" "PostmanRuntime/7.45.0"
::1 - - [04/Sep/2025:09:25:38 +0000] "PATCH /crew/setRole HTTP/1.1" 500 21 "-" "PostmanRuntime/7.45.0"
::1 - - [04/Sep/2025:09:25:40 +0000] "PATCH /crew/setRole HTTP/1.1" 500 21 "-" "PostmanRuntime/7.45.0"
::1 - - [04/Sep/2025:09:29:31 +0000] "PATCH /crew/setRole HTTP/1.1" 500 21 "-" "PostmanRuntime/7.45.0"
::1 - - [04/Sep/2025:09:29:33 +0000] "PATCH /crew/setRole HTTP/1.1" 500 21 "-" "PostmanRuntime/7.45.0"
::1 - - [04/Sep/2025:09:30:41 +0000] "PATCH /crew/setRole HTTP/1.1" 500 21 "-" "PostmanRuntime/7.45.0"
::1 - - [04/Sep/2025:09:31:09 +0000] "PATCH /crew/setRole HTTP/1.1" 200 236 "-" "PostmanRuntime/7.45.0"
::1 - - [04/Sep/2025:09:31:21 +0000] "GET /crew/employee?id=111111113 HTTP/1.1" 200 236 "-" "PostmanRuntime/7.45.0"
::1 - - [04/Sep/2025:09:31:29 +0000] "GET /crew/employee?id=111111113 HTTP/1.1" 200 236 "-" "PostmanRuntime/7.45.0"
::1 - - [04/Sep/2025:09:31:35 +0000] "PATCH /crew/setRole HTTP/1.1" 200 236 "-" "PostmanRuntime/7.45.0"
::1 - - [04/Sep/2025:09:32:05 +0000] "PATCH /crew/setRole HTTP/1.1" 200 236 "-" "PostmanRuntime/7.45.0"
::1 - - [04/Sep/2025:09:32:12 +0000] "GET /crew/employee?id=111111113 HTTP/1.1" 200 241 "-" "PostmanRuntime/7.45.0"
::1 - - [04/Sep/2025:09:59:02 +0000] "GET /crew/employee?id=111111113 HTTP/1.1" 200 241 "-" "PostmanRuntime/7.45.0"
::1 - - [04/Sep/2025:10:03:26 +0000] "POST /crew/hireEmployee HTTP/1.1" 401 0 "-" "PostmanRuntime/7.45.0"
::1 - - [04/Sep/2025:10:03:30 +0000] "POST /crew/hireEmployee HTTP/1.1" 401 0 "-" "PostmanRuntime/7.45.0"
::1 - - [04/Sep/2025:10:05:34 +0000] "POST /crew/hireEmployee HTTP/1.1" 401 0 "-" "PostmanRuntime/7.45.0"
::1 - - [04/Sep/2025:10:05:37 +0000] "POST /crew/hireEmployee HTTP/1.1" 401 0 "-" "PostmanRuntime/7.45.0"
::1 - - [04/Sep/2025:10:05:43 +0000] "POST /crew/hireEmployee HTTP/1.1" 401 0 "-" "PostmanRuntime/7.45.0"
::1 - - [04/Sep/2025:10:05:53 +0000] "POST /crew/hireEmployee HTTP/1.1" 401 0 "-" "PostmanRuntime/7.45.0"
::1 - - [04/Sep/2025:10:06:15 +0000] "POST /crew/hireEmployee HTTP/1.1" 500 12 "-" "PostmanRuntime/7.45.0"
::1 - - [04/Sep/2025:10:06:41 +0000] "POST /crew/hireEmployee HTTP/1.1" 500 12 "-" "PostmanRuntime/7.45.0"
::1 - - [04/Sep/2025:10:07:33 +0000] "POST /crew/hireEmployee HTTP/1.1" 401 15 "-" "PostmanRuntime/7.45.0"
::1 - - [04/Sep/2025:10:07:48 +0000] "POST /crew/hireEmployee HTTP/1.1" 401 15 "-" "PostmanRuntime/7.45.0"
::1 - 111111113 [04/Sep/2025:10:14:18 +0000] "POST /crew/hireEmployee HTTP/1.1" 409 23 "-" "PostmanRuntime/7.45.0"
::1 - 111111113 [04/Sep/2025:11:34:18 +0000] "POST /crew/hireEmployee HTTP/1.1" 409 23 "-" "PostmanRuntime/7.45.0"
::1 - 111111113 [04/Sep/2025:11:34:26 +0000] "POST /crew/hireEmployee HTTP/1.1" 409 25 "-" "PostmanRuntime/7.45.0"
::1 - 111111113 [04/Sep/2025:11:34:41 +0000] "POST /crew/hireEmployee HTTP/1.1" 200 236 "-" "PostmanRuntime/7.45.0"
::1 - 111111113 [04/Sep/2025:11:36:24 +0000] "DELETE /crew/fireEmployee?id=111111113 HTTP/1.1" 200 127 "-" "PostmanRuntime/7.45.0"
::1 - - [04/Sep/2025:11:36:56 +0000] "DELETE /crew/fireEmployee?id=111111113 HTTP/1.1" 401 15 "-" "PostmanRuntime/7.45.0"
::1 - 111111111 [04/Sep/2025:11:37:26 +0000] "GET /crew/employee?id=111111111 HTTP/1.1" 200 234 "-" "PostmanRuntime/7.45.0"
::1 - 111111111 [04/Sep/2025:11:39:56 +0000] "PATCH /crew/updateEmployee HTTP/1.1" 403 0 "-" "PostmanRuntime/7.45.0"
::1 - 111111113 [04/Sep/2025:11:40:10 +0000] "PATCH /crew/updateEmployee HTTP/1.1" 401 15 "-" "PostmanRuntime/7.45.0"
::1 - 111111113 [04/Sep/2025:11:40:48 +0000] "PATCH /crew/updateEmployee HTTP/1.1" 401 15 "-" "PostmanRuntime/7.45.0"
::1 - 111111111 [04/Sep/2025:11:41:21 +0000] "GET /crew/employee?id=111111113 HTTP/1.1" 404 36 "-" "PostmanRuntime/7.45.0"
::1 - 111111111 [04/Sep/2025:11:41:29 +0000] "GET /crew/employee?id=111111114 HTTP/1.1" 200 236 "-" "PostmanRuntime/7.45.0"
::1 - 111111111 [04/Sep/2025:11:41:34 +0000] "GET /crew/employee?id=111111115 HTTP/1.1" 200 236 "-" "PostmanRuntime/7.45.0"
::1 - 111111111 [04/Sep/2025:11:41:37 +0000] "GET /crew/employee?id=111111115 HTTP/1.1" 200 236 "-" "PostmanRuntime/7.45.0"
::1 - 111111111 [04/Sep/2025:11:41:40 +0000] "GET /crew/employee?id=111111116 HTTP/1.1" 404 36 "-" "PostmanRuntime/7.45.0"
::1 - 111111111 [04/Sep/2025:11:41:44 +0000] "GET /crew/employee?id=111111111 HTTP/1.1" 200 234 "-" "PostmanRuntime/7.45.0"
::1 - 111111111 [04/Sep/2025:11:41:48 +0000] "GET /crew/employee?id=111111112 HTTP/1.1" 404 36 "-" "PostmanRuntime/7.45.0"
::1 - 111111111 [04/Sep/2025:11:42:23 +0000] "PATCH /crew/setRole HTTP/1.1" 403 0 "-" "PostmanRuntime/7.45.0"
::1 - 1000000 [04/Sep/2025:11:42:53 +0000] "PATCH /crew/setRole HTTP/1.1" 200 234 "-" "PostmanRuntime/7.45.0"
::1 - 111111111 [04/Sep/2025:11:43:08 +0000] "GET /crew/employee?id=111111111 HTTP/1.1" 200 239 "-" "PostmanRuntime/7.45.0"
::1 - 111111111 [04/Sep/2025:11:43:28 +0000] "PATCH /crew/updateEmployee HTTP/1.1" 200 236 "-" "PostmanRuntime/7.45.0"
::1 - 111111114 [04/Sep/2025:11:43:41 +0000] "PATCH /crew/updateEmployee HTTP/1.1" 403 0 "-" "PostmanRuntime/7.45.0"
::1 - 111111111 [04/Sep/2025:11:44:01 +0000] "GET /crew/employees HTTP/1.1" 200 715 "-" "PostmanRuntime/7.45.0"
::1 - 111111111 [04/Sep/2025:13:06:35 +0000] "GET /crew/employees HTTP/1.1" 200 715 "-" "PostmanRuntime/7.45.0"
::1 - 111111113 [04/Sep/2025:13:07:09 +0000] "POST /crew/hireEmployee HTTP/1.1" 401 15 "-" "PostmanRuntime/7.45.0"
::1 - 111111111 [04/Sep/2025:13:07:16 +0000] "POST /crew/hireEmployee HTTP/1.1" 409 23 "-" "PostmanRuntime/7.45.0"
::1 - 111111111 [04/Sep/2025:13:07:24 +0000] "POST /crew/hireEmployee HTTP/1.1" 200 236 "-" "PostmanRuntime/7.45.0"
::1 - 111111111 [04/Sep/2025:13:21:13 +0000] "POST /crew/hireEmployee HTTP/1.1" 409 23 "-" "PostmanRuntime/7.45.0"
::1 - 111111111 [04/Sep/2025:13:21:26 +0000] "POST /crew/hireEmployee HTTP/1.1" 200 236 "-" "PostmanRuntime/7.45.0"
::1 - 111111111 [04/Sep/2025:13:27:50 +0000] "POST /crew/hireEmployee HTTP/1.1" 409 23 "-" "PostmanRuntime/7.45.0"
::1 - 111111111 [04/Sep/2025:13:27:57 +0000] "POST /crew/hireEmployee HTTP/1.1" 200 236 "-" "PostmanRuntime/7.45.0"
::1 - 111111111 [04/Sep/2025:15:30:05 +0000] "POST /crew/hireEmployee HTTP/1.1" 200 236 "-" "PostmanRuntime/7.45.0"
::1 - 111111113 [04/Sep/2025:15:30:17 +0000] "DELETE /crew/fireEmployee?id=111111119 HTTP/1.1" 401 15 "-" "PostmanRuntime/7.45.0"
::1 - 111111113 [04/Sep/2025:15:34:21 +0000] "DELETE /crew/fireEmployee?id=111111119 HTTP/1.1" 401 15 "-" "PostmanRuntime/7.45.0"
::1 - 111111111 [04/Sep/2025:15:34:40 +0000] "DELETE /crew/fireEmployee?id=111111119 HTTP/1.1" 200 127 "-" "PostmanRuntime/7.45.0"
::1 - 111111111 [04/Sep/2025:15:35:04 +0000] "PATCH /crew/updateEmployee HTTP/1.1" 200 236 "-" "PostmanRuntime/7.45.0"
::1 - 1000000 [04/Sep/2025:15:35:25 +0000] "PATCH /crew/setRole HTTP/1.1" 400 20 "-" "PostmanRuntime/7.45.0"
::1 - 111111111 [04/Sep/2025:15:36:20 +0000] "GET /crew/employees HTTP/1.1" 200 1426 "-" "PostmanRuntime/7.45.0"
::1 - 1000000 [04/Sep/2025:15:39:55 +0000] "PATCH /crew/setRole HTTP/1.1" 400 20 "-" "PostmanRuntime/7.45.0"
::1 - 1000000 [04/Sep/2025:15:40:01 +0000] "PATCH /crew/setRole HTTP/1.1" 400 20 "-" "PostmanRuntime/7.45.0"
::1 - 1000000 [04/Sep/2025:15:40:49 +0000] "PATCH /crew/setRole HTTP/1.1" 400 20 "-" "PostmanRuntime/7.45.0"
::1 - 1000000 [04/Sep/2025:15:41:03 +0000] "PATCH /crew/setRole HTTP/1.1" 400 20 "-" "PostmanRuntime/7.45.0"
::1 - 1000000 [04/Sep/2025:15:42:41 +0000] "PATCH /crew/setRole HTTP/1.1" 400 18 "-" "PostmanRuntime/7.45.0"
::1 - 1000000 [04/Sep/2025:15:42:43 +0000] "PATCH /crew/setRole HTTP/1.1" 400 18 "-" "PostmanRuntime/7.45.0"
::1 - 1000000 [04/Sep/2025:15:44:01 +0000] "PATCH /crew/setRole HTTP/1.1" 400 18 "-" "PostmanRuntime/7.45.0"
::1 - 111111111 [04/Sep/2025:15:44:24 +0000] "PATCH /crew/updateEmployee HTTP/1.1" 200 236 "-" "PostmanRuntime/7.45.0"
::1 - 1000000 [04/Sep/2025:15:46:11 +0000] "PATCH /crew/setRole HTTP/1.1" 200 236 "-" "PostmanRuntime/7.45.0"
::1 - 111111111 [07/Sep/2025:15:10:08 +0000] "GET /crew/employees HTTP/1.1" 200 1431 "-" "PostmanRuntime/7.45.0"
::1 - 111111111 [07/Sep/2025:15:10:27 +0000] "GET /work HTTP/1.1" 500 21 "-" "PostmanRuntime/7.45.0"
::1 - 111111114 [07/Sep/2025:15:12:10 +0000] "GET /work/start HTTP/1.1" 500 21 "-" "PostmanRuntime/7.45.0"
::1 - 111111111 [07/Sep/2025:15:16:24 +0000] "POST /crew/hireEmployee HTTP/1.1" 409 25 "-" "PostmanRuntime/7.45.0"
::1 - 111111111 [07/Sep/2025:15:16:43 +0000] "POST /crew/hireEmployee HTTP/1.1" 200 289 "-" "PostmanRuntime/7.45.0"
::1 - 111111120 [07/Sep/2025:15:17:27 +0000] "GET /work/start HTTP/1.1" 500 21 "-" "PostmanRuntime/7.45.0"
::1 - 111111120 [07/Sep/2025:15:28:04 +0000] "GET /work/start HTTP/1.1" 500 21 "-" "PostmanRuntime/7.45.0"
::1 - 111111111 [07/Sep/2025:15:28:18 +0000] "GET /crew/employees HTTP/1.1" 200 1721 "-" "PostmanRuntime/7.45.0"
::1 - 111111120 [07/Sep/2025:15:29:05 +0000] "POST /work/start HTTP/1.1" 500 21 "-" "PostmanRuntime/7.45.0"
::1 - 111111120 [07/Sep/2025:15:29:13 +0000] "POST /work/start HTTP/1.1" 500 21 "-" "PostmanRuntime/7.45.0"
::1 - 111111111 [07/Sep/2025:15:29:30 +0000] "GET /work HTTP/1.1" 500 21 "-" "PostmanRuntime/7.45.0"
::1 - 111111120 [07/Sep/2025:15:36:19 +0000] "POST /work/start HTTP/1.1" 500 21 "-" "PostmanRuntime/7.45.0"
::1 - 111111120 [07/Sep/2025:15:36:22 +0000] "POST /work/start HTTP/1.1" 500 21 "-" "PostmanRuntime/7.45.0"
::1 - 111111120 [07/Sep/2025:15:36:25 +0000] "POST /work/start HTTP/1.1" 500 21 "-" "PostmanRuntime/7.45.0"
::1 - 111111120 [07/Sep/2025:15:37:20 +0000] "POST /work/start HTTP/1.1" 200 84 "-" "PostmanRuntime/7.45.0"
::1 - 111111120 [07/Sep/2025:15:38:53 +0000] "POST /work/start HTTP/1.1" 500 21 "-" "PostmanRuntime/7.45.0"
::1 - 111111120 [07/Sep/2025:15:38:59 +0000] "POST /work/start HTTP/1.1" 500 21 "-" "PostmanRuntime/7.45.0"
::1 - 111111111 [07/Sep/2025:15:39:16 +0000] "POST /crew/hireEmployee HTTP/1.1" 200 289 "-" "PostmanRuntime/7.45.0"
::1 - 111111120 [07/Sep/2025:15:39:32 +0000] "POST /work/start HTTP/1.1" 500 21 "-" "PostmanRuntime/7.45.0"
::1 - 111111120 [07/Sep/2025:15:41:37 +0000] "POST /work/start HTTP/1.1" 200 73 "-" "PostmanRuntime/7.45.0"
::1 - 111111111 [07/Sep/2025:15:48:33 +0000] "GET /work HTTP/1.1" 500 21 "-" "PostmanRuntime/7.45.0"
::1 - 111111111 [07/Sep/2025:15:48:36 +0000] "GET /work HTTP/1.1" 500 21 "-" "PostmanRuntime/7.45.0"
::1 - 111111111 [07/Sep/2025:15:48:47 +0000] "GET /work HTTP/1.1" 500 21 "-" "PostmanRuntime/7.45.0"
::1 - 111111111 [07/Sep/2025:15:48:51 +0000] "GET /work HTTP/1.1" 500 21 "-" "PostmanRuntime/7.45.0"
::1 - - [07/Sep/2025:15:50:08 +0000] "PATCH /work/finish HTTP/1.1" 401 15 "-" "PostmanRuntime/7.45.0"
::1 - - [07/Sep/2025:15:50:12 +0000] "PATCH /work/finish HTTP/1.1" 401 15 "-" "PostmanRuntime/7.45.0"
::1 - 111111120 [07/Sep/2025:15:50:20 +0000] "PATCH /work/finish HTTP/1.1" 500 21 "-" "PostmanRuntime/7.45.0"
::1 - 111111120 [07/Sep/2025:15:51:34 +0000] "PATCH /work/finish HTTP/1.1" 500 21 "-" "PostmanRuntime/7.45.0"
::1 - 111111120 [07/Sep/2025:15:52:59 +0000] "PATCH /work/finish HTTP/1.1" 200 84 "-" "PostmanRuntime/7.45.0"
::1 - 111111111 [07/Sep/2025:15:53:14 +0000] "GET /work HTTP/1.1" 500 21 "-" "PostmanRuntime/7.45.0"
::1 - 111111111 [07/Sep/2025:15:53:18 +0000] "GET /crew/employees HTTP/1.1" 200 2418 "-" "PostmanRuntime/7.45.0"
::1 - 111111120 [07/Sep/2025:15:55:25 +0000] "POST /work/start HTTP/1.1" 403 54 "-" "PostmanRuntime/7.45.0"
::1 - 111111120 [07/Sep/2025:15:56:05 +0000] "PATCH /work/finish HTTP/1.1" 500 21 "-" "PostmanRuntime/7.45.0"
::1 - 111111120 [07/Sep/2025:15:56:17 +0000] "POST /work/start HTTP/1.1" 500 21 "-" "PostmanRuntime/7.45.0"
::1 - 111111120 [07/Sep/2025:15:56:23 +0000] "POST /work/start HTTP/1.1" 500 21 "-" "PostmanRuntime/7.45.0"
::1 - 111111121 [07/Sep/2025:15:56:34 +0000] "POST /work/start HTTP/1.1" 500 21 "-" "PostmanRuntime/7.45.0"
::1 - 111111121 [07/Sep/2025:15:56:43 +0000] "POST /work/start HTTP/1.1" 500 21 "-" "PostmanRuntime/7.45.0"
::1 - 111111121 [07/Sep/2025:15:56:58 +0000] "POST /work/start HTTP/1.1" 200 73 "-" "PostmanRuntime/7.45.0"
::1 - 111111111 [07/Sep/2025:15:58:42 +0000] "GET /work HTTP/1.1" 500 21 "-" "PostmanRuntime/7.45.0"
::1 - 111111120 [07/Sep/2025:15:59:53 +0000] "PATCH /work/finish HTTP/1.1" 500 21 "-" "PostmanRuntime/7.45.0"
::1 - 111111120 [07/Sep/2025:15:59:56 +0000] "PATCH /work/finish HTTP/1.1" 500 21 "-" "PostmanRuntime/7.45.0"
::1 - 111111121 [07/Sep/2025:16:00:05 +0000] "PATCH /work/finish HTTP/1.1" 500 21 "-" "PostmanRuntime/7.45.0"
::1 - 111111120 [07/Sep/2025:16:00:14 +0000] "PATCH /work/finish HTTP/1.1" 500 21 "-" "PostmanRuntime/7.45.0"
::1 - 111111121 [07/Sep/2025:16:00:35 +0000] "PATCH /work/finish HTTP/1.1" 500 21 "-" "PostmanRuntime/7.45.0"
::1 - 111111121 [07/Sep/2025:16:00:40 +0000] "PATCH /work/finish HTTP/1.1" 500 21 "-" "PostmanRuntime/7.45.0"
::1 - 111111121 [07/Sep/2025:16:01:32 +0000] "POST /work/start HTTP/1.1" 500 21 "-" "PostmanRuntime/7.45.0"
::1 - 111111121 [07/Sep/2025:16:02:20 +0000] "POST /work/start HTTP/1.1" 500 1976 "-" "PostmanRuntime/7.45.0"
::1 - 111111121 [07/Sep/2025:16:02:38 +0000] "POST /work/start HTTP/1.1" 500 21 "-" "PostmanRuntime/7.45.0"
::1 - 111111111 [07/Sep/2025:16:02:49 +0000] "POST /crew/hireEmployee HTTP/1.1" 200 289 "-" "PostmanRuntime/7.45.0"
::1 - 111111122 [07/Sep/2025:16:03:13 +0000] "POST /work/start HTTP/1.1" 500 21 "-" "PostmanRuntime/7.45.0"
::1 - 111111121 [07/Sep/2025:16:03:19 +0000] "POST /work/start HTTP/1.1" 500 21 "-" "PostmanRuntime/7.45.0"
::1 - 111111121 [07/Sep/2025:16:03:27 +0000] "POST /work/start HTTP/1.1" 500 21 "-" "PostmanRuntime/7.45.0"
::1 - 111111111 [07/Sep/2025:16:03:44 +0000] "GET /crew/employees HTTP/1.1" 200 2890 "-" "PostmanRuntime/7.45.0"
::1 - 111111121 [07/Sep/2025:16:04:18 +0000] "POST /work/start HTTP/1.1" 500 21 "-" "PostmanRuntime/7.45.0"
::1 - 111111121 [07/Sep/2025:16:04:26 +0000] "POST /work/start HTTP/1.1" 500 21 "-" "PostmanRuntime/7.45.0"
::1 - 111111121 [07/Sep/2025:16:04:56 +0000] "POST /work/start HTTP/1.1" 500 21 "-" "PostmanRuntime/7.45.0"
::1 - 111111121 [07/Sep/2025:16:04:58 +0000] "POST /work/start HTTP/1.1" 500 21 "-" "PostmanRuntime/7.45.0"
::1 - 111111121 [07/Sep/2025:16:05:00 +0000] "POST /work/start HTTP/1.1" 500 21 "-" "PostmanRuntime/7.45.0"
::1 - 111111121 [07/Sep/2025:16:14:48 +0000] "POST /work/start HTTP/1.1" 200 24 "-" "PostmanRuntime/7.45.0"
::1 - 111111121 [07/Sep/2025:16:15:12 +0000] "POST /work/start HTTP/1.1" 200 24 "-" "PostmanRuntime/7.45.0"
::1 - 111111121 [07/Sep/2025:16:15:21 +0000] "POST /work/start HTTP/1.1" 200 24 "-" "PostmanRuntime/7.45.0"
::1 - 111111121 [07/Sep/2025:16:15:29 +0000] "PATCH /work/finish HTTP/1.1" 200 73 "-" "PostmanRuntime/7.45.0"
::1 - 111111121 [07/Sep/2025:16:16:16 +0000] "POST /work/start HTTP/1.1" 200 24 "-" "PostmanRuntime/7.45.0"
::1 - 111111121 [07/Sep/2025:16:16:19 +0000] "POST /work/start HTTP/1.1" 200 24 "-" "PostmanRuntime/7.45.0"
::1 - 111111121 [07/Sep/2025:16:16:25 +0000] "PATCH /work/finish HTTP/1.1" 200 73 "-" "PostmanRuntime/7.45.0"
::1 - 111111121 [07/Sep/2025:16:16:31 +0000] "POST /work/start HTTP/1.1" 200 24 "-" "PostmanRuntime/7.45.0"
::1 - 111111121 [07/Sep/2025:16:17:09 +0000] "POST /work/start HTTP/1.1" 200 24 "-" "PostmanRuntime/7.45.0"
::1 - 111111121 [07/Sep/2025:16:17:16 +0000] "PATCH /work/finish HTTP/1.1" 200 73 "-" "PostmanRuntime/7.45.0"
::1 - 111111111 [07/Sep/2025:16:17:36 +0000] "GET /crew/employees HTTP/1.1" 200 3851 "-" "PostmanRuntime/7.45.0"
::1 - 111111121 [07/Sep/2025:16:18:51 +0000] "POST /work/start HTTP/1.1" 200 35 "-" "PostmanRuntime/7.45.0"
::1 - 111111121 [07/Sep/2025:16:19:18 +0000] "POST /work/start HTTP/1.1" 200 35 "-" "PostmanRuntime/7.45.0"
::1 - 111111121 [07/Sep/2025:16:19:23 +0000] "POST /work/start HTTP/1.1" 200 35 "-" "PostmanRuntime/7.45.0"
::1 - 111111121 [07/Sep/2025:16:19:25 +0000] "POST /work/start HTTP/1.1" 200 35 "-" "PostmanRuntime/7.45.0"
::1 - 111111121 [07/Sep/2025:16:19:30 +0000] "PATCH /work/finish HTTP/1.1" 200 84 "-" "PostmanRuntime/7.45.0"
::1 - 111111121 [07/Sep/2025:16:19:32 +0000] "PATCH /work/finish HTTP/1.1" 200 84 "-" "PostmanRuntime/7.45.0"
::1 - 111111121 [07/Sep/2025:16:19:36 +0000] "PATCH /work/finish HTTP/1.1" 200 84 "-" "PostmanRuntime/7.45.0"
::1 - 111111121 [07/Sep/2025:16:19:45 +0000] "POST /work/start HTTP/1.1" 200 35 "-" "PostmanRuntime/7.45.0"
::1 - 111111111 [07/Sep/2025:16:19:49 +0000] "GET /work HTTP/1.1" 500 21 "-" "PostmanRuntime/7.45.0"
::1 - 111111111 [07/Sep/2025:16:19:52 +0000] "GET /work HTTP/1.1" 500 21 "-" "PostmanRuntime/7.45.0"
::1 - 111111111 [07/Sep/2025:16:19:57 +0000] "GET /crew/employees HTTP/1.1" 200 4506 "-" "PostmanRuntime/7.45.0"
::1 - 111111121 [07/Sep/2025:16:23:37 +0000] "POST /work/start HTTP/1.1" 200 35 "-" "PostmanRuntime/7.45.0"
::1 - 111111121 [07/Sep/2025:16:23:39 +0000] "POST /work/start HTTP/1.1" 200 35 "-" "PostmanRuntime/7.45.0"
::1 - 111111121 [07/Sep/2025:16:23:51 +0000] "POST /work/start HTTP/1.1" 200 35 "-" "PostmanRuntime/7.45.0"
::1 - 111111111 [07/Sep/2025:16:28:37 +0000] "GET /work/ HTTP/1.1" 200 2913 "-" "PostmanRuntime/7.45.0"
::1 - 111111121 [07/Sep/2025:16:31:39 +0000] "POST /work/start HTTP/1.1" 200 35 "-" "PostmanRuntime/7.45.0"
::1 - 111111111 [07/Sep/2025:16:31:50 +0000] "GET /work/ HTTP/1.1" 200 3044 "-" "PostmanRuntime/7.45.0"
::1 - 111111121 [07/Sep/2025:16:32:22 +0000] "PATCH /work/finish HTTP/1.1" 400 16 "-" "PostmanRuntime/7.45.0"
::1 - 111111111 [07/Sep/2025:16:36:24 +0000] "POST /crew/hireEmployee HTTP/1.1" 401 15 "-" "PostmanRuntime/7.45.0"
::1 - 111111111 [07/Sep/2025:16:36:27 +0000] "POST /crew/hireEmployee HTTP/1.1" 401 15 "-" "PostmanRuntime/7.45.0"
::1 - 111111111 [07/Sep/2025:16:36:57 +0000] "POST /crew/hireEmployee HTTP/1.1" 400 20 "-" "PostmanRuntime/7.45.0"
::1 - 111111111 [07/Sep/2025:16:39:01 +0000] "POST /crew/hireEmployee HTTP/1.1" 200 285 "-" "PostmanRuntime/7.45.0"
::1 - 1000000 [07/Sep/2025:16:39:17 +0000] "PATCH /crew/setRole HTTP/1.1" 200 285 "-" "PostmanRuntime/7.45.0"
::1 - 111111111 [07/Sep/2025:16:39:23 +0000] "GET /crew/employees HTTP/1.1" 200 292 "-" "PostmanRuntime/7.45.0"
::1 - 111111111 [07/Sep/2025:16:39:46 +0000] "POST /crew/hireEmployee HTTP/1.1" 400 20 "-" "PostmanRuntime/7.45.0"
::1 - 111111111 [07/Sep/2025:16:41:16 +0000] "POST /crew/hireEmployee HTTP/1.1" 200 287 "-" "PostmanRuntime/7.45.0"
::1 - 111111111 [07/Sep/2025:16:41:30 +0000] "POST /crew/hireEmployee HTTP/1.1" 200 287 "-" "PostmanRuntime/7.45.0"
::1 - 111111113 [07/Sep/2025:16:41:52 +0000] "POST /work/start HTTP/1.1" 404 36 "-" "PostmanRuntime/7.45.0"
::1 - 111111113 [07/Sep/2025:16:43:22 +0000] "POST /work/start HTTP/1.1" 404 36 "-" "PostmanRuntime/7.45.0"
::1 - 111111113 [07/Sep/2025:16:43:30 +0000] "POST /work/start HTTP/1.1" 404 36 "-" "PostmanRuntime/7.45.0"
::1 - 111111113 [07/Sep/2025:16:43:49 +0000] "POST /work/start HTTP/1.1" 404 36 "-" "PostmanRuntime/7.45.0"
::1 - 111111113 [07/Sep/2025:16:43:51 +0000] "POST /work/start HTTP/1.1" 404 36 "-" "PostmanRuntime/7.45.0"
::1 - 111111113 [07/Sep/2025:16:44:05 +0000] "POST /work/start HTTP/1.1" 404 36 "-" "PostmanRuntime/7.45.0"
::1 - 111111113 [07/Sep/2025:16:44:34 +0000] "POST /work/start HTTP/1.1" 200 84 "-" "PostmanRuntime/7.45.0"
::1 - 111111113 [07/Sep/2025:16:45:02 +0000] "POST /work/start HTTP/1.1" 200 84 "-" "PostmanRuntime/7.45.0"
::1 - 111111121 [07/Sep/2025:16:45:08 +0000] "PATCH /work/finish HTTP/1.1" 401 15 "-" "PostmanRuntime/7.45.0"
::1 - 111111121 [07/Sep/2025:16:45:12 +0000] "PATCH /work/finish HTTP/1.1" 401 15 "-" "PostmanRuntime/7.45.0"
::1 - 111111113 [07/Sep/2025:16:45:26 +0000] "PATCH /work/finish HTTP/1.1" 200 84 "-" "PostmanRuntime/7.45.0"
::1 - 111111113 [07/Sep/2025:16:45:30 +0000] "PATCH /work/finish HTTP/1.1" 200 84 "-" "PostmanRuntime/7.45.0"
::1 - 111111113 [07/Sep/2025:16:45:34 +0000] "PATCH /work/finish HTTP/1.1" 200 84 "-" "PostmanRuntime/7.45.0"
::1 - 111111113 [07/Sep/2025:16:45:36 +0000] "PATCH /work/finish HTTP/1.1" 200 84 "-" "PostmanRuntime/7.45.0"
::1 - 111111111 [07/Sep/2025:16:45:41 +0000] "GET /work/ HTTP/1.1" 200 671 "-" "PostmanRuntime/7.45.0"
::1 - 111111113 [07/Sep/2025:16:45:54 +0000] "POST /work/start HTTP/1.1" 200 84 "-" "PostmanRuntime/7.45.0"
::1 - 111111113 [07/Sep/2025:16:46:02 +0000] "PATCH /work/finish HTTP/1.1" 200 84 "-" "PostmanRuntime/7.45.0"
::1 - 111111113 [07/Sep/2025:16:46:49 +0000] "POST /work/start HTTP/1.1" 200 84 "-" "PostmanRuntime/7.45.0"
::1 - 111111113 [07/Sep/2025:16:46:56 +0000] "PATCH /work/finish HTTP/1.1" 200 84 "-" "PostmanRuntime/7.45.0"
::1 - 111111111 [07/Sep/2025:16:47:02 +0000] "GET /work/ HTTP/1.1" 200 1071 "-" "PostmanRuntime/7.45.0"
::1 - 111111113 [07/Sep/2025:16:47:23 +0000] "PATCH /work/finish HTTP/1.1" 200 84 "-" "PostmanRuntime/7.45.0"
::1 - 111111113 [07/Sep/2025:16:47:25 +0000] "PATCH /work/finish HTTP/1.1" 200 84 "-" "PostmanRuntime/7.45.0"
::1 - 111111113 [07/Sep/2025:16:47:27 +0000] "PATCH /work/finish HTTP/1.1" 200 84 "-" "PostmanRuntime/7.45.0"
::1 - 111111113 [07/Sep/2025:16:47:28 +0000] "PATCH /work/finish HTTP/1.1" 200 84 "-" "PostmanRuntime/7.45.0"
::1 - 111111113 [07/Sep/2025:16:47:31 +0000] "PATCH /work/finish HTTP/1.1" 200 84 "-" "PostmanRuntime/7.45.0"
::1 - 111111113 [07/Sep/2025:16:47:33 +0000] "PATCH /work/finish HTTP/1.1" 200 84 "-" "PostmanRuntime/7.45.0"
::1 - 111111113 [07/Sep/2025:16:53:03 +0000] "POST /work/start HTTP/1.1" 200 84 "-" "PostmanRuntime/7.45.0"
::1 - 111111113 [07/Sep/2025:16:53:09 +0000] "POST /work/start HTTP/1.1" 400 42 "-" "PostmanRuntime/7.45.0"
::1 - 111111113 [07/Sep/2025:16:53:17 +0000] "PATCH /work/finish HTTP/1.1" 200 84 "-" "PostmanRuntime/7.45.0"
::1 - 111111113 [07/Sep/2025:16:53:23 +0000] "POST /work/start HTTP/1.1" 403 54 "-" "PostmanRuntime/7.45.0"
::1 - 111111111 [07/Sep/2025:16:53:28 +0000] "GET /work/ HTTP/1.1" 200 12 "-" "PostmanRuntime/7.45.0"
::1 - 111111111 [07/Sep/2025:16:53:33 +0000] "GET /work/ HTTP/1.1" 200 12 "-" "PostmanRuntime/7.45.0"
::1 - 111111111 [07/Sep/2025:16:53:36 +0000] "GET /work/ HTTP/1.1" 200 12 "-" "PostmanRuntime/7.45.0"
::1 - 111111111 [07/Sep/2025:16:56:22 +0000] "GET /work/ HTTP/1.1" 404 15 "-" "PostmanRuntime/7.45.0"
::1 - 111111111 [07/Sep/2025:16:56:35 +0000] "GET /crew/employees HTTP/1.1" 200 1007 "-" "PostmanRuntime/7.45.0"
::1 - 111111113 [07/Sep/2025:16:56:57 +0000] "POST /work/start HTTP/1.1" 200 84 "-" "PostmanRuntime/7.45.0"
::1 - 111111111 [07/Sep/2025:16:57:01 +0000] "GET /work/ HTTP/1.1" 200 429 "-" "PostmanRuntime/7.45.0"
::1 - 111111113 [07/Sep/2025:16:59:05 +0000] "PATCH /work/finish HTTP/1.1" 400 16 "-" "PostmanRuntime/7.45.0"
::1 - 111111111 [07/Sep/2025:17:06:46 +0000] "PATCH /work/correct HTTP/1.1" 500 21 "-" "PostmanRuntime/7.45.0"
::1 - 111111111 [07/Sep/2025:17:07:24 +0000] "PATCH /work/correct HTTP/1.1" 500 21 "-" "PostmanRuntime/7.45.0"
::1 - 111111111 [07/Sep/2025:17:07:32 +0000] "PATCH /work/correct HTTP/1.1" 404 62 "-" "PostmanRuntime/7.45.0"
::1 - 111111111 [07/Sep/2025:17:07:37 +0000] "PATCH /work/correct HTTP/1.1" 500 21 "-" "PostmanRuntime/7.45.0"
::1 - 111111111 [07/Sep/2025:17:07:44 +0000] "PATCH /work/correct HTTP/1.1" 500 21 "-" "PostmanRuntime/7.45.0"
::1 - 111111111 [07/Sep/2025:17:07:54 +0000] "PATCH /work/correct HTTP/1.1" 500 21 "-" "PostmanRuntime/7.45.0"
::1 - 111111111 [07/Sep/2025:17:08:54 +0000] "PATCH /work/correct HTTP/1.1" 500 21 "-" "PostmanRuntime/7.45.0"
::1 - 111111111 [07/Sep/2025:17:08:56 +0000] "PATCH /work/correct HTTP/1.1" 500 21 "-" "PostmanRuntime/7.45.0"
::1 - 111111111 [07/Sep/2025:17:09:55 +0000] "PATCH /work/correct HTTP/1.1" 500 21 "-" "PostmanRuntime/7.45.0"
::1 - 111111111 [07/Sep/2025:17:11:08 +0000] "PATCH /work/correct HTTP/1.1" 500 21 "-" "PostmanRuntime/7.45.0"
::1 - 111111111 [07/Sep/2025:17:12:42 +0000] "PATCH /work/correct HTTP/1.1" 500 21 "-" "PostmanRuntime/7.45.0"
::1 - 111111111 [07/Sep/2025:17:13:04 +0000] "PATCH /work/correct HTTP/1.1" 500 21 "-" "PostmanRuntime/7.45.0"
::1 - 111111111 [07/Sep/2025:17:13:49 +0000] "PATCH /work/correct HTTP/1.1" 500 21 "-" "PostmanRuntime/7.45.0"
::1 - 111111111 [07/Sep/2025:17:29:39 +0000] "PATCH /work/correct HTTP/1.1" 500 21 "-" "PostmanRuntime/7.45.0"
::1 - 111111111 [07/Sep/2025:17:29:42 +0000] "PATCH /work/correct HTTP/1.1" 500 21 "-" "PostmanRuntime/7.45.0"
::1 - 111111111 [07/Sep/2025:17:32:45 +0000] "PATCH /work/correct HTTP/1.1" 500 21 "-" "PostmanRuntime/7.45.0"
::1 - 111111111 [07/Sep/2025:17:33:00 +0000] "GET /crew/employees HTTP/1.1" 200 1137 "-" "PostmanRuntime/7.45.0"
::1 - 111111113 [07/Sep/2025:17:36:56 +0000] "POST /work/start HTTP/1.1" 400 42 "-" "PostmanRuntime/7.45.0"
::1 - 111111111 [07/Sep/2025:17:37:05 +0000] "PATCH /work/correct HTTP/1.1" 500 21 "-" "PostmanRuntime/7.45.0"
::1 - 111111111 [07/Sep/2025:17:38:54 +0000] "PATCH /work/correct HTTP/1.1" 500 21 "-" "PostmanRuntime/7.45.0"
::1 - 111111111 [07/Sep/2025:17:38:56 +0000] "PATCH /work/correct HTTP/1.1" 500 21 "-" "PostmanRuntime/7.45.0"
::1 - 111111111 [07/Sep/2025:17:38:58 +0000] "PATCH /work/correct HTTP/1.1" 500 21 "-" "PostmanRuntime/7.45.0"
::1 - 111111111 [07/Sep/2025:17:39:00 +0000] "PATCH /work/correct HTTP/1.1" 500 21 "-" "PostmanRuntime/7.45.0"
::1 - 111111111 [07/Sep/2025:17:40:36 +0000] "PATCH /work/correct HTTP/1.1" 500 31 "-" "PostmanRuntime/7.45.0"
::1 - 111111111 [07/Sep/2025:17:45:09 +0000] "PATCH /work/correct HTTP/1.1" 200 29 "-" "PostmanRuntime/7.45.0"
::1 - 111111111 [07/Sep/2025:17:45:19 +0000] "GET /crew/employees HTTP/1.1" 200 1146 "-" "PostmanRuntime/7.45.0"
::1 - 111111111 [07/Sep/2025:17:47:58 +0000] "PATCH /work/break HTTP/1.1" 400 16 "-" "PostmanRuntime/7.45.0"
::1 - 111111111 [07/Sep/2025:17:49:39 +0000] "GET /crew/employees HTTP/1.1" 200 1146 "-" "PostmanRuntime/7.45.0"
::1 - 111111111 [07/Sep/2025:17:49:56 +0000] "PATCH /work/break HTTP/1.1" 200 - "-" "PostmanRuntime/7.45.0"
::1 - 111111111 [07/Sep/2025:17:50:03 +0000] "PATCH /work/break HTTP/1.1" 200 - "-" "PostmanRuntime/7.45.0"
::1 - 111111111 [07/Sep/2025:17:50:05 +0000] "PATCH /work/break HTTP/1.1" 200 - "-" "PostmanRuntime/7.45.0"
::1 - 111111111 [07/Sep/2025:17:50:13 +0000] "GET /crew/employees HTTP/1.1" 200 1146 "-" "PostmanRuntime/7.45.0"
::1 - 111111111 [07/Sep/2025:17:53:02 +0000] "PATCH /work/break HTTP/1.1" 400 22 "-" "PostmanRuntime/7.45.0"
::1 - 111111111 [07/Sep/2025:17:57:21 +0000] "PATCH /work/correct HTTP/1.1" 400 19 "-" "PostmanRuntime/7.45.0"
::1 - 111111111 [07/Sep/2025:17:58:05 +0000] "PATCH /work/correct HTTP/1.1" 500 31 "-" "PostmanRuntime/7.45.0"
::1 - 111111111 [07/Sep/2025:18:05:10 +0000] "PATCH /work/correct HTTP/1.1" 400 31 "-" "PostmanRuntime/7.45.0"
::1 - 111111111 [07/Sep/2025:18:05:30 +0000] "PATCH /work/break HTTP/1.1" 400 22 "-" "PostmanRuntime/7.45.0"
::1 - 111111111 [07/Sep/2025:18:14:14 +0000] "PATCH /work/correct HTTP/1.1" 500 31 "-" "PostmanRuntime/7.45.0"
::1 - 111111111 [07/Sep/2025:18:14:45 +0000] "PATCH /work/correct HTTP/1.1" 500 31 "-" "PostmanRuntime/7.45.0"
::1 - 111111111 [07/Sep/2025:18:14:55 +0000] "PATCH /work/correct HTTP/1.1" 500 31 "-" "PostmanRuntime/7.45.0"
::1 - 111111111 [07/Sep/2025:18:16:22 +0000] "PATCH /work/correct HTTP/1.1" 500 31 "-" "PostmanRuntime/7.45.0"
::1 - 111111111 [07/Sep/2025:18:16:43 +0000] "PATCH /work/correct HTTP/1.1" 200 29 "-" "PostmanRuntime/7.45.0"
::1 - 111111111 [07/Sep/2025:18:17:42 +0000] "PATCH /work/break HTTP/1.1" 400 22 "-" "PostmanRuntime/7.45.0"
::1 - 111111111 [07/Sep/2025:18:17:53 +0000] "GET /crew/employees HTTP/1.1" 200 1146 "-" "PostmanRuntime/7.45.0"
::1 - 111111111 [07/Sep/2025:18:18:04 +0000] "GET /crew/employees HTTP/1.1" 200 1146 "-" "PostmanRuntime/7.45.0"
::1 - 111111111 [07/Sep/2025:18:18:22 +0000] "PATCH /work/correct HTTP/1.1" 500 31 "-" "PostmanRuntime/7.45.0"
::1 - 111111111 [07/Sep/2025:18:18:25 +0000] "PATCH /work/correct HTTP/1.1" 500 31 "-" "PostmanRuntime/7.45.0"
::1 - 111111111 [07/Sep/2025:18:18:34 +0000] "PATCH /work/correct HTTP/1.1" 500 31 "-" "PostmanRuntime/7.45.0"
::1 - 111111111 [07/Sep/2025:18:18:36 +0000] "PATCH /work/correct HTTP/1.1" 500 31 "-" "PostmanRuntime/7.45.0"
::1 - 111111111 [07/Sep/2025:18:19:48 +0000] "PATCH /work/correct HTTP/1.1" 200 29 "-" "PostmanRuntime/7.45.0"
::1 - 111111111 [07/Sep/2025:18:19:55 +0000] "PATCH /work/break HTTP/1.1" 400 22 "-" "PostmanRuntime/7.45.0"
::1 - 111111111 [07/Sep/2025:18:19:59 +0000] "PATCH /work/break HTTP/1.1" 400 22 "-" "PostmanRuntime/7.45.0"
::1 - 111111111 [07/Sep/2025:18:20:09 +0000] "GET /crew/employees HTTP/1.1" 200 1153 "-" "PostmanRuntime/7.45.0"
::1 - 111111111 [07/Sep/2025:18:20:38 +0000] "PATCH /work/correct HTTP/1.1" 200 29 "-" "PostmanRuntime/7.45.0"
::1 - 111111111 [07/Sep/2025:18:20:42 +0000] "PATCH /work/break HTTP/1.1" 400 22 "-" "PostmanRuntime/7.45.0"
::1 - 111111111 [07/Sep/2025:18:20:44 +0000] "PATCH /work/break HTTP/1.1" 400 22 "-" "PostmanRuntime/7.45.0"
::1 - 111111111 [07/Sep/2025:18:20:46 +0000] "PATCH /work/break HTTP/1.1" 400 22 "-" "PostmanRuntime/7.45.0"
::1 - 111111111 [07/Sep/2025:18:20:50 +0000] "PATCH /work/break HTTP/1.1" 400 22 "-" "PostmanRuntime/7.45.0"
::1 - 111111111 [07/Sep/2025:18:20:53 +0000] "PATCH /work/break HTTP/1.1" 400 22 "-" "PostmanRuntime/7.45.0"
::1 - 111111111 [07/Sep/2025:18:21:35 +0000] "PATCH /work/correct HTTP/1.1" 200 29 "-" "PostmanRuntime/7.45.0"
::1 - 111111111 [07/Sep/2025:18:21:39 +0000] "PATCH /work/break HTTP/1.1" 200 - "-" "PostmanRuntime/7.45.0"
::1 - 111111111 [07/Sep/2025:18:21:43 +0000] "PATCH /work/break HTTP/1.1" 200 - "-" "PostmanRuntime/7.45.0"
::1 - 111111111 [07/Sep/2025:18:21:59 +0000] "PATCH /work/break HTTP/1.1" 400 22 "-" "PostmanRuntime/7.45.0"
::1 - 111111111 [07/Sep/2025:18:22:24 +0000] "GET /crew/employees HTTP/1.1" 200 1154 "-" "PostmanRuntime/7.45.0"
::1 - 111111111 [07/Sep/2025:18:22:28 +0000] "GET /crew/employees HTTP/1.1" 200 1154 "-" "PostmanRuntime/7.45.0"
::1 - 111111111 [07/Sep/2025:21:59:56 +0000] "POST /crew/hireEmployee HTTP/1.1" 200 287 "-" "PostmanRuntime/7.45.0"
::1 - 111111113 [07/Sep/2025:22:00:13 +0000] "POST /work/start HTTP/1.1" 200 84 "-" "PostmanRuntime/7.45.0"
::1 - 111111111 [07/Sep/2025:22:00:25 +0000] "GET /crew/employees HTTP/1.1" 200 1574 "-" "PostmanRuntime/7.45.0"
::1 - 111111113 [07/Sep/2025:22:04:48 +0000] "PATCH /work/finish HTTP/1.1" 400 16 "-" "PostmanRuntime/7.45.0"
::1 - 111111113 [07/Sep/2025:22:04:51 +0000] "PATCH /work/finish HTTP/1.1" 400 16 "-" "PostmanRuntime/7.45.0"
::1 - 111111113 [07/Sep/2025:22:05:08 +0000] "PATCH /work/finish HTTP/1.1" 500 21 "-" "PostmanRuntime/7.45.0"
::1 - 111111113 [07/Sep/2025:22:05:13 +0000] "PATCH /work/finish HTTP/1.1" 500 21 "-" "PostmanRuntime/7.45.0"
::1 - 111111113 [07/Sep/2025:22:06:09 +0000] "POST /work/start HTTP/1.1" 400 42 "-" "PostmanRuntime/7.45.0"
::1 - 111111113 [07/Sep/2025:22:06:19 +0000] "PATCH /work/finish HTTP/1.1" 500 21 "-" "PostmanRuntime/7.45.0"
::1 - 111111111 [07/Sep/2025:22:08:28 +0000] "POST /crew/hireEmployee HTTP/1.1" 200 287 "-" "PostmanRuntime/7.45.0"
::1 - 111111113 [07/Sep/2025:22:09:12 +0000] "POST /work/start HTTP/1.1" 200 84 "-" "PostmanRuntime/7.45.0"
::1 - 111111111 [07/Sep/2025:22:09:18 +0000] "GET /crew/employees HTTP/1.1" 200 2005 "-" "PostmanRuntime/7.45.0"
::1 - 111111113 [07/Sep/2025:22:09:34 +0000] "PATCH /work/finish HTTP/1.1" 500 21 "-" "PostmanRuntime/7.45.0"
::1 - 111111113 [07/Sep/2025:22:09:44 +0000] "PATCH /work/finish HTTP/1.1" 200 84 "-" "PostmanRuntime/7.45.0"
::1 - 111111111 [07/Sep/2025:22:09:52 +0000] "GET /crew/employees HTTP/1.1" 200 2005 "-" "PostmanRuntime/7.45.0"
::1 - 111111111 [07/Sep/2025:22:10:01 +0000] "GET /crew/employees HTTP/1.1" 200 2005 "-" "PostmanRuntime/7.45.0"
::1 - 111111113 [07/Sep/2025:22:10:08 +0000] "PATCH /work/finish HTTP/1.1" 200 84 "-" "PostmanRuntime/7.45.0"
::1 - 111111113 [07/Sep/2025:22:10:19 +0000] "PATCH /work/finish HTTP/1.1" 200 84 "-" "PostmanRuntime/7.45.0"
::1 - 111111113 [07/Sep/2025:22:11:40 +0000] "PATCH /work/finish HTTP/1.1" 200 84 "-" "PostmanRuntime/7.45.0"
::1 - 111111113 [07/Sep/2025:22:12:17 +0000] "PATCH /work/finish HTTP/1.1" 200 84 "-" "PostmanRuntime/7.45.0"
::1 - 111111113 [07/Sep/2025:22:14:17 +0000] "PATCH /work/finish HTTP/1.1" 200 84 "-" "PostmanRuntime/7.45.0"
::1 - 111111111 [07/Sep/2025:22:14:26 +0000] "GET /crew/employees HTTP/1.1" 200 2005 "-" "PostmanRuntime/7.45.0"
::1 - 111111113 [07/Sep/2025:22:14:37 +0000] "POST /work/start HTTP/1.1" 400 42 "-" "PostmanRuntime/7.45.0"
::1 - 111111111 [07/Sep/2025:22:15:50 +0000] "GET /crew/employees HTTP/1.1" 200 2005 "-" "PostmanRuntime/7.45.0"
::1 - 111111113 [07/Sep/2025:22:16:21 +0000] "PATCH /work/finish HTTP/1.1" 500 21 "-" "PostmanRuntime/7.45.0"
::1 - 111111113 [07/Sep/2025:22:16:23 +0000] "PATCH /work/finish HTTP/1.1" 500 21 "-" "PostmanRuntime/7.45.0"
::1 - 111111113 [07/Sep/2025:22:16:47 +0000] "PATCH /work/finish HTTP/1.1" 200 84 "-" "PostmanRuntime/7.45.0"
::1 - 111111113 [07/Sep/2025:22:17:45 +0000] "PATCH /work/finish HTTP/1.1" 200 84 "-" "PostmanRuntime/7.45.0"
::1 - 111111111 [07/Sep/2025:22:19:12 +0000] "PATCH /work/correct HTTP/1.1" 400 42 "-" "PostmanRuntime/7.45.0"
::1 - 111111111 [07/Sep/2025:22:19:27 +0000] "GET /crew/employees HTTP/1.1" 200 2005 "-" "PostmanRuntime/7.45.0"
::1 - 111111111 [07/Sep/2025:22:20:17 +0000] "PATCH /work/correct HTTP/1.1" 200 29 "-" "PostmanRuntime/7.45.0"
::1 - 111111111 [07/Sep/2025:22:20:42 +0000] "GET /crew/employees HTTP/1.1" 200 2028 "-" "PostmanRuntime/7.45.0"
::1 - 111111113 [07/Sep/2025:22:31:59 +0000] "PATCH /work/finish HTTP/1.1" 400 16 "-" "PostmanRuntime/7.45.0"
::1 - 111111113 [07/Sep/2025:22:32:01 +0000] "PATCH /work/finish HTTP/1.1" 400 16 "-" "PostmanRuntime/7.45.0"
::1 - 111111113 [07/Sep/2025:22:32:06 +0000] "POST /work/start HTTP/1.1" 403 54 "-" "PostmanRuntime/7.45.0"
::1 - 111111111 [07/Sep/2025:22:32:31 +0000] "PATCH /work/correct HTTP/1.1" 200 29 "-" "PostmanRuntime/7.45.0"
::1 - 111111113 [07/Sep/2025:22:32:36 +0000] "POST /work/start HTTP/1.1" 200 84 "-" "PostmanRuntime/7.45.0"
::1 - 111111111 [07/Sep/2025:22:32:41 +0000] "GET /crew/employees HTTP/1.1" 200 2171 "-" "PostmanRuntime/7.45.0"
::1 - 111111113 [07/Sep/2025:22:32:59 +0000] "PATCH /work/finish HTTP/1.1" 200 84 "-" "PostmanRuntime/7.45.0"
::1 - 111111111 [07/Sep/2025:22:33:05 +0000] "GET /crew/employees HTTP/1.1" 200 2212 "-" "PostmanRuntime/7.45.0"
::1 - 111111111 [07/Sep/2025:22:33:51 +0000] "PATCH /work/correct HTTP/1.1" 200 29 "-" "PostmanRuntime/7.45.0"
::1 - 111111111 [07/Sep/2025:22:34:10 +0000] "PATCH /work/correct HTTP/1.1" 200 29 "-" "PostmanRuntime/7.45.0"
::1 - 111111111 [07/Sep/2025:22:34:17 +0000] "GET /crew/employees HTTP/1.1" 200 2214 "-" "PostmanRuntime/7.45.0"
::1 - 111111111 [07/Sep/2025:22:35:06 +0000] "PATCH /work/correct HTTP/1.1" 200 29 "-" "PostmanRuntime/7.45.0"
::1 - 111111111 [07/Sep/2025:22:35:18 +0000] "GET /crew/employees HTTP/1.1" 200 2214 "-" "PostmanRuntime/7.45.0"
::1 - 111111111 [07/Sep/2025:22:35:24 +0000] "GET /crew/employees HTTP/1.1" 200 2214 "-" "PostmanRuntime/7.45.0"
::1 - 111111111 [07/Sep/2025:22:35:36 +0000] "PATCH /work/correct HTTP/1.1" 200 29 "-" "PostmanRuntime/7.45.0"
::1 - 111111111 [07/Sep/2025:22:36:02 +0000] "GET /crew/employees HTTP/1.1" 200 2214 "-" "PostmanRuntime/7.45.0"
::1 - 111111111 [07/Sep/2025:22:36:40 +0000] "PATCH /work/correct HTTP/1.1" 200 29 "-" "PostmanRuntime/7.45.0"
::1 - 111111111 [07/Sep/2025:22:36:45 +0000] "GET /crew/employees HTTP/1.1" 200 2212 "-" "PostmanRuntime/7.45.0"
::1 - 111111111 [07/Sep/2025:22:37:26 +0000] "GET /work/ HTTP/1.1" 200 857 "-" "PostmanRuntime/7.45.0"
::1 - 111111111 [07/Sep/2025:22:38:05 +0000] "PATCH /work/correct HTTP/1.1" 200 29 "-" "PostmanRuntime/7.45.0"
::1 - 111111111 [07/Sep/2025:22:39:35 +0000] "POST /crew/hireEmployee HTTP/1.1" 200 287 "-" "PostmanRuntime/7.45.0"
::1 - 111111113 [07/Sep/2025:22:39:55 +0000] "POST /work/start HTTP/1.1" 200 84 "-" "PostmanRuntime/7.45.0"
::1 - 111111111 [07/Sep/2025:22:40:00 +0000] "GET /crew/employees HTTP/1.1" 200 2643 "-" "PostmanRuntime/7.45.0"
::1 - 111111113 [07/Sep/2025:22:40:20 +0000] "PATCH /work/finish HTTP/1.1" 200 84 "-" "PostmanRuntime/7.45.0"
::1 - 111111111 [07/Sep/2025:22:40:24 +0000] "GET /crew/employees HTTP/1.1" 200 2684 "-" "PostmanRuntime/7.45.0"
